<?xml version="1.0" encoding="UTF-8"?>
<!-- Generated by org.testng.reporters.JUnitXMLReporter -->
<testsuite ignored="0" hostname="WPU5CD012D3CPLW" failures="0" tests="3" name="Test" time="39.443" errors="0" timestamp="2021-03-01T11:53:27 IST">
  <testcase classname="com.SingleExtentReport_Example.Proxy_Examaple" name="HTTPAuth" time="2.97"/>
  <testcase classname="com.SingleExtentReport_Example.OrangeHRMLogin_TestNG" name="Login" time="25.247"/>
  <testcase classname="com.SingleExtentReport_Example.OrangeHRMLogin_TestNG" name="Logout" time="2.458"/>
</testsuite> <!-- Test -->
