<?xml version="1.0" encoding="UTF-8"?>
<testng-results ignored="0" total="1" passed="1" failed="0" skipped="0">
  <reporter-output>
  </reporter-output>
  <suite started-at="2021-03-02T12:47:16 IST" name="Default suite" finished-at="2021-03-02T12:47:30 IST" duration-ms="13738">
    <groups>
    </groups>
    <test started-at="2021-03-02T12:47:16 IST" name="Default test" finished-at="2021-03-02T12:47:30 IST" duration-ms="13738">
      <class name="com.log4j.Orange_HRM_Prox_Log4j_example">
        <test-method is-config="true" signature="LaunchBrowser()[pri:0, instance:com.log4j.Orange_HRM_Prox_Log4j_example@5ace1ed4]" started-at="2021-03-02T12:47:16 IST" name="LaunchBrowser" finished-at="2021-03-02T12:47:24 IST" duration-ms="8071" status="PASS">
          <reporter-output>
          </reporter-output>
        </test-method> <!-- LaunchBrowser -->
        <test-method signature="OrangeHRM_Login()[pri:0, instance:com.log4j.Orange_HRM_Prox_Log4j_example@5ace1ed4]" started-at="2021-03-02T12:47:24 IST" name="OrangeHRM_Login" finished-at="2021-03-02T12:47:29 IST" duration-ms="5047" status="PASS">
          <reporter-output>
          </reporter-output>
        </test-method> <!-- OrangeHRM_Login -->
        <test-method is-config="true" signature="CloseBrowser()[pri:0, instance:com.log4j.Orange_HRM_Prox_Log4j_example@5ace1ed4]" started-at="2021-03-02T12:47:29 IST" name="CloseBrowser" finished-at="2021-03-02T12:47:30 IST" duration-ms="602" status="PASS">
          <reporter-output>
          </reporter-output>
        </test-method> <!-- CloseBrowser -->
      </class> <!-- com.log4j.Orange_HRM_Prox_Log4j_example -->
    </test> <!-- Default test -->
  </suite> <!-- Default suite -->
</testng-results>
