<?xml version="1.0" encoding="UTF-8"?>
<!-- Generated by org.testng.reporters.JUnitXMLReporter -->
<testsuite ignored="0" hostname="WPU5CD012D3CPLW" failures="0" tests="3" name="ChromeTest" time="73.646" errors="0" timestamp="2021-02-24T12:19:25 IST">
  <testcase classname="com.OrangeHRM.CrossBrowserTesting" name="OrangeHRM_Login" time="23.703"/>
  <testcase classname="com.OrangeHRM.CrossBrowserTesting" name="OrangeHRM_Login" time="12.749"/>
  <testcase classname="com.OrangeHRM.CrossBrowserTesting" name="OrangeHRM_Login" time="35.084"/>
</testsuite> <!-- ChromeTest -->
