<?xml version="1.0" encoding="UTF-8"?>
<!-- Generated by org.testng.reporters.JUnitXMLReporter -->
<testsuite ignored="0" hostname="WPU5CD012D3CPLW" failures="0" tests="3" name="EdgeTest" time="74.225" errors="0" timestamp="2021-02-24T12:19:26 IST">
  <testcase classname="com.OrangeHRM.CrossBrowserTesting" name="OrangeHRM_Login" time="23.715"/>
  <testcase classname="com.OrangeHRM.CrossBrowserTesting" name="OrangeHRM_Login" time="11.853"/>
  <testcase classname="com.OrangeHRM.CrossBrowserTesting" name="OrangeHRM_Login" time="36.393"/>
</testsuite> <!-- EdgeTest -->
